<?xml version="1.0" encoding="UTF-8"?>
<!-- Generated by org.testng.reporters.JUnitReportReporter -->
<testsuite hostname="WIN-OOTF47HGKQT" failures="0" tests="2" name="com.google.Maven.TestNG" time="0.039" errors="0" timestamp="2022-10-03T22:46:48 EET" skipped="0">
  <testcase classname="com.google.Maven.TestNG" name="userLogin2" time="0.014"/>
  <system-out/>
  <testcase classname="com.google.Maven.TestNG" name="userLogin" time="0.025"/>
  <system-out/>
</testsuite> <!-- com.google.Maven.TestNG -->
